{"D:\\Aktualne projekty\\zawQuiz\\backend\\src\\index.ts": {"path":"D:\\Aktualne projekty\\zawQuiz\\backend\\src\\index.ts","statementMap":{"0":{"start":{"line":1,"column":0},"end":{"line":1,"column":30}},"1":{"start":{"line":3,"column":15},"end":{"line":3,"column":24}},"2":{"start":{"line":5,"column":0},"end":{"line":9,"column":3}},"3":{"start":{"line":5,"column":41},"end":{"line":9,"column":2}},"4":{"start":{"line":6,"column":2},"end":{"line":8,"column":4}},"5":{"start":{"line":11,"column":14},"end":{"line":14,"column":2}},"6":{"start":{"line":11,"column":25},"end":{"line":14,"column":2}},"7":{"start":{"line":12,"column":4},"end":{"line":12,"column":30}},"8":{"start":{"line":13,"column":4},"end":{"line":13,"column":18}},"9":{"start":{"line":15,"column":0},"end":{"line":15,"column":8}},"10":{"start":{"line":17,"column":0},"end":{"line":17,"column":21}}},"fnMap":{"0":{"name":"(anonymous_8)","decl":{"start":{"line":5,"column":16},"end":{"line":5,"column":23}},"loc":{"start":{"line":5,"column":41},"end":{"line":9,"column":2}}},"1":{"name":"(anonymous_9)","decl":{"start":{"line":5,"column":41},"end":{"line":5,"column":null}},"loc":{"start":{"line":5,"column":41},"end":{"line":9,"column":1}}},"2":{"name":"(anonymous_10)","decl":{"start":{"line":11,"column":14},"end":{"line":11,"column":23}},"loc":{"start":{"line":11,"column":25},"end":{"line":14,"column":2}}},"3":{"name":"(anonymous_11)","decl":{"start":{"line":11,"column":25},"end":{"line":11,"column":null}},"loc":{"start":{"line":11,"column":25},"end":{"line":14,"column":1}}}},"branchMap":{},"s":{"0":1,"1":1,"2":1,"3":1,"4":1,"5":1,"6":2,"7":2,"8":2,"9":1,"10":1},"f":{"0":1,"1":1,"2":2,"3":2},"b":{}}
}
